<?xml version="1.0" encoding="UTF-8"?>
<!-- Generated by org.testng.reporters.JUnitXMLReporter -->
<testsuite hostname="LTSIPL0-Sameer" ignored="0" name="ParallelThread2" tests="4" failures="0" timestamp="16 Sep 2021 15:22:41 GMT" time="9.383" errors="0">
  <testcase name="runScenario" time="5.468" classname="cucumber.api.testng.AbstractTestNGCucumberTests"/>
  <testcase name="runScenario" time="1.153" classname="cucumber.api.testng.AbstractTestNGCucumberTests"/>
  <testcase name="runScenario" time="1.115" classname="cucumber.api.testng.AbstractTestNGCucumberTests"/>
  <testcase name="runScenario" time="1.023" classname="cucumber.api.testng.AbstractTestNGCucumberTests"/>
</testsuite> <!-- ParallelThread2 -->
